#
# There is insufficient memory for the Java Runtime Environment to continue.
# Native memory allocation (malloc) failed to allocate 32744 bytes for ChunkPool::allocate
# Possible reasons:
#   The system is out of physical RAM or swap space
#   The process is running with CompressedOops enabled, and the Java Heap may be blocking the growth of the native heap
# Possible solutions:
#   Reduce memory load on the system
#   Increase physical memory or swap space
#   Check if swap backing store is full
#   Decrease Java heap size (-Xmx/-Xms)
#   Decrease number of Java threads
#   Decrease Java thread stack sizes (-Xss)
#   Set larger code cache with -XX:ReservedCodeCacheSize=
#   JVM is running with Unscaled Compressed Oops mode in which the Java heap is
#     placed in the first 4GB address space. The Java Heap base address is the
#     maximum limit for the native heap growth. Please use -XX:HeapBaseMinAddress
#     to set the Java Heap base and to place the Java Heap above 4GB virtual address.
# This output file may be truncated or incomplete.
#
#  Out of Memory Error (allocation.cpp:272), pid=237400, tid=0x00000000000393ec
#
# JRE version: OpenJDK Runtime Environment (8.0_212-b04) (build 1.8.0_212-release-1586-b04)
# Java VM: OpenJDK 64-Bit Server VM (25.212-b04 mixed mode windows-amd64 compressed oops)
# Failed to write core dump. Minidumps are not enabled by default on client versions of Windows
#

---------------  T H R E A D  ---------------

Current thread (0x0000000016ab1800):  JavaThread "C2 CompilerThread1" daemon [_thread_in_native, id=234476, stack(0x0000000018210000,0x0000000018310000)]

Stack: [0x0000000018210000,0x0000000018310000]
[error occurred during error reporting (printing stack bounds), id 0xc0000005]

Native frames: (J=compiled Java code, j=interpreted, Vv=VM code, C=native code)


Current CompileTask:
C2:   3509 1441   !   4       java.net.URLClassLoader$1::run (63 bytes)


---------------  P R O C E S S  ---------------

Java Threads: ( => current thread )
  0x0000000019544800 JavaThread "Cache worker for journal cache (C:\Users\Acer\.gradle\caches\journal-1)" [_thread_blocked, id=234528, stack(0x000000001c940000,0x000000001ca40000)]
  0x0000000019542000 JavaThread "File lock request listener" [_thread_in_native, id=234840, stack(0x000000001c840000,0x000000001c940000)]
  0x0000000019541800 JavaThread "Cache worker for file hash cache (C:\Users\Acer\.gradle\caches\5.6.4\fileHashes)" [_thread_blocked, id=233796, stack(0x000000001c740000,0x000000001c840000)]
  0x000000001a5b1000 JavaThread "Thread-9" [_thread_blocked, id=237064, stack(0x000000001c440000,0x000000001c540000)]
  0x000000001a5a7800 JavaThread "Stdin handler" [_thread_blocked, id=236276, stack(0x000000001c340000,0x000000001c440000)]
  0x000000001a5a4800 JavaThread "Asynchronous log dispatcher for DefaultDaemonConnection: socket connection from /127.0.0.1:55405 to /127.0.0.1:55406" [_thread_blocked, id=209020, stack(0x000000001c240000,0x000000001c340000)]
  0x000000001a595000 JavaThread "Daemon worker" [_thread_in_vm, id=208340, stack(0x000000001c140000,0x000000001c240000)]
  0x000000001a58c000 JavaThread "Cancel handler" [_thread_blocked, id=232516, stack(0x000000001c040000,0x000000001c140000)]
  0x000000001a582000 JavaThread "Handler for socket connection from /127.0.0.1:55405 to /127.0.0.1:55406" [_thread_in_native, id=227236, stack(0x000000001bd40000,0x000000001be40000)]
  0x000000001a57d000 JavaThread "Daemon" [_thread_blocked, id=235088, stack(0x000000001bc40000,0x000000001bd40000)]
  0x000000001a4cb000 JavaThread "Daemon periodic checks" [_thread_blocked, id=231088, stack(0x000000001bb40000,0x000000001bc40000)]
  0x000000001a4ca000 JavaThread "Incoming local TCP Connector on port 55405" [_thread_in_native, id=148120, stack(0x000000001b900000,0x000000001ba00000)]
  0x000000001a41f000 JavaThread "Daemon health stats" [_thread_blocked, id=10192, stack(0x000000001b2c0000,0x000000001b3c0000)]
  0x0000000018442000 JavaThread "Service Thread" daemon [_thread_blocked, id=3220, stack(0x0000000018810000,0x0000000018910000)]
  0x0000000016ab9800 JavaThread "C1 CompilerThread2" daemon [_thread_blocked, id=229808, stack(0x0000000018310000,0x0000000018410000)]
=>0x0000000016ab1800 JavaThread "C2 CompilerThread1" daemon [_thread_in_native, id=234476, stack(0x0000000018210000,0x0000000018310000)]
  0x0000000016aae800 JavaThread "C2 CompilerThread0" daemon [_thread_in_native, id=233524, stack(0x0000000018110000,0x0000000018210000)]
  0x0000000016aab800 JavaThread "Attach Listener" daemon [_thread_blocked, id=235024, stack(0x0000000018010000,0x0000000018110000)]
  0x0000000016aaa000 JavaThread "Signal Dispatcher" daemon [_thread_blocked, id=226528, stack(0x0000000017f10000,0x0000000018010000)]
  0x000000000313d800 JavaThread "Finalizer" daemon [_thread_blocked, id=211628, stack(0x0000000017d10000,0x0000000017e10000)]
  0x0000000003132000 JavaThread "Reference Handler" daemon [_thread_blocked, id=59368, stack(0x0000000017c10000,0x0000000017d10000)]
  0x0000000002e3e800 JavaThread "main" [_thread_blocked, id=233128, stack(0x0000000002f40000,0x0000000003040000)]

Other Threads:
  0x0000000016a76000 VMThread [stack: 0x0000000017b10000,0x0000000017c10000] [id=166164]
  0x0000000016b0e800 WatcherThread [stack: 0x0000000018910000,0x0000000018a10000] [id=230168]

VM state:not at safepoint (normal execution)

VM Mutex/Monitor currently owned by a thread: None

heap address: 0x00000000a0000000, size: 1536 MB, Compressed Oops mode: 32-bit
Narrow klass base: 0x0000000000000000, Narrow klass shift: 3
Compressed class space size: 1073741824 Address: 0x0000000100000000

Heap:
 PSYoungGen      total 76288K, used 65623K [0x00000000e0000000, 0x00000000e5500000, 0x0000000100000000)
  eden space 65536K, 91% used [0x00000000e0000000,0x00000000e3a8d9f8,0x00000000e4000000)
  from space 10752K, 52% used [0x00000000e4000000,0x00000000e45885a0,0x00000000e4a80000)
  to   space 10752K, 0% used [0x00000000e4a80000,0x00000000e4a80000,0x00000000e5500000)
 ParOldGen       total 175104K, used 16K [0x00000000a0000000, 0x00000000aab00000, 0x00000000e0000000)
  object space 175104K, 0% used [0x00000000a0000000,0x00000000a0004000,0x00000000aab00000)
 Metaspace       used 14278K, capacity 14656K, committed 14976K, reserved 1062912K
  class space    used 1978K, capacity 2094K, committed 2176K, reserved 1048576K

Card table byte_map: [0x0000000012500000,0x0000000012810000] byte_map_base: 0x0000000012000000

Marking Bits: (ParMarkBitMap*) 0x000000005f7a9f30
 Begin Bits: [0x0000000012e10000, 0x0000000014610000)
 End Bits:   [0x0000000014610000, 0x0000000015e10000)

Polling page: 0x0000000001310000

CodeCache: size=245760Kb used=5070Kb max_used=5082Kb free=240689Kb
 bounds [0x0000000003140000, 0x0000000003640000, 0x0000000012140000]
 total_blobs=1821 nmethods=1439 adapters=295
 compilation: enabled

Compilation events (10 events):
Event: 3.469 Thread 0x0000000016ab9800 1436   !   3       java.io.WinNTFileSystem::resolve (362 bytes)
Event: 3.473 Thread 0x0000000016ab9800 nmethod 1436 0x000000000362e590 code [0x000000000362ee00, 0x00000000036349b8]
Event: 3.486 Thread 0x0000000016ab9800 1437       3       com.google.common.collect.AbstractIndexedListIterator::next (31 bytes)
Event: 3.486 Thread 0x0000000016ab9800 nmethod 1437 0x000000000362bcd0 code [0x000000000362be60, 0x000000000362c2b8]
Event: 3.486 Thread 0x0000000016ab9800 1438       3       com.google.common.collect.ImmutableList$Itr::get (9 bytes)
Event: 3.486 Thread 0x0000000016ab9800 nmethod 1438 0x000000000362b850 code [0x000000000362b9c0, 0x000000000362bbe8]
Event: 3.490 Thread 0x0000000016ab1800 1439       4       java.util.jar.JarFile::maybeInstantiateVerifier (96 bytes)
Event: 3.491 Thread 0x0000000016aae800 1440       4       java.net.URLClassLoader$1::run (5 bytes)
Event: 3.496 Thread 0x0000000016ab1800 nmethod 1439 0x000000000362dc10 code [0x000000000362dda0, 0x000000000362e1f8]
Event: 3.496 Thread 0x0000000016ab1800 1441   !   4       java.net.URLClassLoader$1::run (63 bytes)

GC Heap History (2 events):
Event: 0.854 GC heap before
{Heap before GC invocations=1 (full 0):
 PSYoungGen      total 76288K, used 65536K [0x00000000e0000000, 0x00000000e5500000, 0x0000000100000000)
  eden space 65536K, 100% used [0x00000000e0000000,0x00000000e4000000,0x00000000e4000000)
  from space 10752K, 0% used [0x00000000e4a80000,0x00000000e4a80000,0x00000000e5500000)
  to   space 10752K, 0% used [0x00000000e4000000,0x00000000e4000000,0x00000000e4a80000)
 ParOldGen       total 175104K, used 0K [0x00000000a0000000, 0x00000000aab00000, 0x00000000e0000000)
  object space 175104K, 0% used [0x00000000a0000000,0x00000000a0000000,0x00000000aab00000)
 Metaspace       used 6978K, capacity 7208K, committed 7424K, reserved 1056768K
  class space    used 858K, capacity 916K, committed 1024K, reserved 1048576K
Event: 0.859 GC heap after
Heap after GC invocations=1 (full 0):
 PSYoungGen      total 76288K, used 5665K [0x00000000e0000000, 0x00000000e5500000, 0x0000000100000000)
  eden space 65536K, 0% used [0x00000000e0000000,0x00000000e0000000,0x00000000e4000000)
  from space 10752K, 52% used [0x00000000e4000000,0x00000000e45885a0,0x00000000e4a80000)
  to   space 10752K, 0% used [0x00000000e4a80000,0x00000000e4a80000,0x00000000e5500000)
 ParOldGen       total 175104K, used 16K [0x00000000a0000000, 0x00000000aab00000, 0x00000000e0000000)
  object space 175104K, 0% used [0x00000000a0000000,0x00000000a0004000,0x00000000aab00000)
 Metaspace       used 6978K, capacity 7208K, committed 7424K, reserved 1056768K
  class space    used 858K, capacity 916K, committed 1024K, reserved 1048576K
}

Deoptimization events (10 events):
Event: 1.007 Thread 0x0000000002e3e800 Uncommon trap: reason=bimorphic action=maybe_recompile pc=0x0000000003393018 method=java.util.HashMap.putVal(ILjava/lang/Object;Ljava/lang/Object;ZZ)Ljava/lang/Object; @ 203
Event: 1.776 Thread 0x0000000002e3e800 Uncommon trap: reason=unstable_if action=reinterpret pc=0x00000000033ccee0 method=java.io.WinNTFileSystem.normalize(Ljava/lang/String;)Ljava/lang/String; @ 128
Event: 3.200 Thread 0x000000001a582000 Uncommon trap: reason=unstable_if action=reinterpret pc=0x000000000351bc04 method=java.util.concurrent.ConcurrentHashMap.putVal(Ljava/lang/Object;Ljava/lang/Object;Z)Ljava/lang/Object; @ 206
Event: 3.245 Thread 0x000000001a595000 Uncommon trap: reason=bimorphic action=maybe_recompile pc=0x0000000003392fcc method=java.util.HashMap.putVal(ILjava/lang/Object;Ljava/lang/Object;ZZ)Ljava/lang/Object; @ 253
Event: 3.245 Thread 0x000000001a595000 Uncommon trap: reason=bimorphic action=maybe_recompile pc=0x0000000003392fcc method=java.util.HashMap.putVal(ILjava/lang/Object;Ljava/lang/Object;ZZ)Ljava/lang/Object; @ 253
Event: 3.245 Thread 0x000000001a595000 Uncommon trap: reason=bimorphic action=maybe_recompile pc=0x0000000003392fcc method=java.util.HashMap.putVal(ILjava/lang/Object;Ljava/lang/Object;ZZ)Ljava/lang/Object; @ 253
Event: 3.402 Thread 0x000000001a595000 Uncommon trap: reason=class_check action=maybe_recompile pc=0x00000000034068d8 method=java.util.regex.Matcher.match(II)Z @ 86
Event: 3.411 Thread 0x000000001a595000 Uncommon trap: reason=class_check action=maybe_recompile pc=0x00000000034068d8 method=java.util.regex.Matcher.match(II)Z @ 86
Event: 3.412 Thread 0x000000001a595000 Uncommon trap: reason=class_check action=maybe_recompile pc=0x00000000034068d8 method=java.util.regex.Matcher.match(II)Z @ 86
Event: 3.412 Thread 0x000000001a595000 Uncommon trap: reason=class_check action=maybe_recompile pc=0x00000000033c179c method=java.util.regex.Matcher.match(II)Z @ 86

Classes redefined (0 events):
No events

Internal exceptions (10 events):
Event: 3.201 Thread 0x000000001a582000 Exception <a 'java/lang/NoSuchMethodError': <clinit>> (0x00000000e1a9aee8) thrown at [D:\src\AOSP-openjdk-cygwin\jdk8u\hotspot\src\share\vm\prims\jni.cpp, line 1614]
Event: 3.203 Thread 0x000000001a582000 Exception <a 'java/lang/NoSuchMethodError': <clinit>> (0x00000000e1ab0638) thrown at [D:\src\AOSP-openjdk-cygwin\jdk8u\hotspot\src\share\vm\prims\jni.cpp, line 1614]
Event: 3.206 Thread 0x000000001a582000 Exception <a 'java/lang/NoSuchMethodError': <clinit>> (0x00000000e1ac37e8) thrown at [D:\src\AOSP-openjdk-cygwin\jdk8u\hotspot\src\share\vm\prims\jni.cpp, line 1614]
Event: 3.208 Thread 0x000000001a582000 Exception <a 'java/lang/NoSuchMethodError': <clinit>> (0x00000000e1aeab90) thrown at [D:\src\AOSP-openjdk-cygwin\jdk8u\hotspot\src\share\vm\prims\jni.cpp, line 1614]
Event: 3.209 Thread 0x000000001a582000 Exception <a 'java/lang/NoSuchMethodError': <clinit>> (0x00000000e1b02b48) thrown at [D:\src\AOSP-openjdk-cygwin\jdk8u\hotspot\src\share\vm\prims\jni.cpp, line 1614]
Event: 3.210 Thread 0x000000001a582000 Exception <a 'java/lang/NoSuchMethodError': <clinit>> (0x00000000e1b0b7d8) thrown at [D:\src\AOSP-openjdk-cygwin\jdk8u\hotspot\src\share\vm\prims\jni.cpp, line 1614]
Event: 3.211 Thread 0x000000001a582000 Exception <a 'java/lang/NoSuchMethodError': <clinit>> (0x00000000e1b21e80) thrown at [D:\src\AOSP-openjdk-cygwin\jdk8u\hotspot\src\share\vm\prims\jni.cpp, line 1614]
Event: 3.219 Thread 0x000000001a582000 Exception <a 'java/lang/NoSuchMethodError': <clinit>> (0x00000000e1b89870) thrown at [D:\src\AOSP-openjdk-cygwin\jdk8u\hotspot\src\share\vm\prims\jni.cpp, line 1614]
Event: 3.223 Thread 0x000000001a582000 Exception <a 'java/lang/NoSuchMethodError': <clinit>> (0x00000000e1bb6400) thrown at [D:\src\AOSP-openjdk-cygwin\jdk8u\hotspot\src\share\vm\prims\jni.cpp, line 1614]
Event: 3.230 Thread 0x000000001a582000 Exception <a 'java/lang/NoSuchMethodError': <clinit>> (0x00000000e1bd3f20) thrown at [D:\src\AOSP-openjdk-cygwin\jdk8u\hotspot\src\share\vm\prims\jni.cpp, line 1614]

Events (10 events):
Event: 3.506 loading class org/gradle/internal/service/scopes/BuildScopeServiceRegistryFactory
Event: 3.506 loading class org/gradle/internal/service/scopes/BuildScopeServiceRegistryFactory done
Event: 3.506 loading class org/gradle/tooling/provider/model/internal/BuildScopeToolingModelBuilderRegistryAction
Event: 3.506 loading class org/gradle/tooling/provider/model/internal/BuildScopeToolingModelBuilderRegistryAction done
Event: 3.507 loading class org/gradle/api/internal/project/ProjectInternal
Event: 3.507 loading class org/gradle/api/internal/project/ProjectInternal done
Event: 3.507 loading class org/gradle/api/Project
Event: 3.507 loading class org/gradle/api/Project done
Event: 3.508 loading class org/gradle/api/plugins/PluginAware
Event: 3.508 loading class org/gradle/api/plugins/PluginAware done


Dynamic libraries:
0x00007ff7a6470000 - 0x00007ff7a64a1000 	F:\Android\jre\bin\java.exe
0x00007ffc16060000 - 0x00007ffc16250000 	C:\WINDOWS\SYSTEM32\ntdll.dll
0x00007ffc15eb0000 - 0x00007ffc15f62000 	C:\WINDOWS\System32\KERNEL32.DLL
0x00007ffc13b90000 - 0x00007ffc13e34000 	C:\WINDOWS\System32\KERNELBASE.dll
0x00007ffc15250000 - 0x00007ffc152f3000 	C:\WINDOWS\System32\ADVAPI32.dll
0x00007ffc15980000 - 0x00007ffc15a1e000 	C:\WINDOWS\System32\msvcrt.dll
0x00007ffc15aa0000 - 0x00007ffc15b37000 	C:\WINDOWS\System32\sechost.dll
0x00007ffc156c0000 - 0x00007ffc157e0000 	C:\WINDOWS\System32\RPCRT4.dll
0x00007ffc157e0000 - 0x00007ffc15974000 	C:\WINDOWS\System32\USER32.dll
0x00007ffc13b60000 - 0x00007ffc13b81000 	C:\WINDOWS\System32\win32u.dll
0x00007ffc15220000 - 0x00007ffc15246000 	C:\WINDOWS\System32\GDI32.dll
0x00007ffc13ef0000 - 0x00007ffc14086000 	C:\WINDOWS\System32\gdi32full.dll
0x00007ffc13a40000 - 0x00007ffc13ade000 	C:\WINDOWS\System32\msvcp_win.dll
0x00007ffc137c0000 - 0x00007ffc138ba000 	C:\WINDOWS\System32\ucrtbase.dll
0x00007ffc047b0000 - 0x00007ffc04a34000 	C:\WINDOWS\WinSxS\amd64_microsoft.windows.common-controls_6595b64144ccf1df_6.0.18362.959_none_e6c7bbbf130c62bb\COMCTL32.dll
0x00007ffc15370000 - 0x00007ffc156a5000 	C:\WINDOWS\System32\combase.dll
0x00007ffc13ae0000 - 0x00007ffc13b60000 	C:\WINDOWS\System32\bcryptPrimitives.dll
0x00007ffc14a60000 - 0x00007ffc14a8e000 	C:\WINDOWS\System32\IMM32.DLL
0x000000005ef00000 - 0x000000005efd2000 	F:\Android\jre\jre\bin\msvcr100.dll
0x000000005efe0000 - 0x000000005f826000 	F:\Android\jre\jre\bin\server\jvm.dll
0x00007ffc15a20000 - 0x00007ffc15a28000 	C:\WINDOWS\System32\PSAPI.DLL
0x00007ffc11020000 - 0x00007ffc11029000 	C:\WINDOWS\SYSTEM32\WSOCK32.dll
0x00007ffc15a30000 - 0x00007ffc15a9f000 	C:\WINDOWS\System32\WS2_32.dll
0x00007ffc10b30000 - 0x00007ffc10b54000 	C:\WINDOWS\SYSTEM32\WINMM.dll
0x00007ffc0b860000 - 0x00007ffc0b86a000 	C:\WINDOWS\SYSTEM32\VERSION.dll
0x00007ffc10900000 - 0x00007ffc1092d000 	C:\WINDOWS\SYSTEM32\WINMMBASE.dll
0x00007ffc13770000 - 0x00007ffc137ba000 	C:\WINDOWS\System32\cfgmgr32.dll
0x00007ffc0f860000 - 0x00007ffc0f86f000 	F:\Android\jre\jre\bin\verify.dll
0x00007ffc092c0000 - 0x00007ffc092e9000 	F:\Android\jre\jre\bin\java.dll
0x00007ffc0f800000 - 0x00007ffc0f816000 	F:\Android\jre\jre\bin\zip.dll
0x00007ffc14110000 - 0x00007ffc147f6000 	C:\WINDOWS\System32\SHELL32.dll
0x00007ffc14950000 - 0x00007ffc149f9000 	C:\WINDOWS\System32\shcore.dll
0x00007ffc12fe0000 - 0x00007ffc13762000 	C:\WINDOWS\System32\windows.storage.dll
0x00007ffc12f60000 - 0x00007ffc12f83000 	C:\WINDOWS\System32\profapi.dll
0x00007ffc12f90000 - 0x00007ffc12fda000 	C:\WINDOWS\System32\powrprof.dll
0x00007ffc12f10000 - 0x00007ffc12f20000 	C:\WINDOWS\System32\UMPDC.dll
0x00007ffc15bc0000 - 0x00007ffc15c12000 	C:\WINDOWS\System32\shlwapi.dll
0x00007ffc12f20000 - 0x00007ffc12f31000 	C:\WINDOWS\System32\kernel.appcore.dll
0x00007ffc14090000 - 0x00007ffc140a7000 	C:\WINDOWS\System32\cryptsp.dll
0x00007ffc0ef30000 - 0x00007ffc0ef4a000 	F:\Android\jre\jre\bin\net.dll
0x00007ffc03f10000 - 0x00007ffc040e6000 	C:\WINDOWS\SYSTEM32\urlmon.dll
0x00007ffc03c60000 - 0x00007ffc03f06000 	C:\WINDOWS\SYSTEM32\iertutil.dll
0x00007ffc12950000 - 0x00007ffc1295c000 	C:\WINDOWS\SYSTEM32\CRYPTBASE.DLL
0x00007ffc11060000 - 0x00007ffc11080000 	C:\WINDOWS\system32\PrxerDrv.dll
0x00007ffc12720000 - 0x00007ffc12787000 	C:\WINDOWS\system32\mswsock.dll
0x00007ffc09310000 - 0x00007ffc09323000 	F:\Android\jre\jre\bin\nio.dll
0x00007ffbed1c0000 - 0x00007ffbed1e6000 	C:\Users\Acer\.gradle\native\30\windows-amd64\native-platform.dll
0x00007ffc0f650000 - 0x00007ffc0f65d000 	F:\Android\jre\jre\bin\management.dll
0x00007ffc12290000 - 0x00007ffc122c3000 	C:\WINDOWS\system32\rsaenh.dll
0x00007ffc13a10000 - 0x00007ffc13a36000 	C:\WINDOWS\System32\bcrypt.dll
0x00007ffc12e30000 - 0x00007ffc12e55000 	C:\WINDOWS\SYSTEM32\USERENV.dll
0x00007ffc12430000 - 0x00007ffc1246a000 	C:\WINDOWS\SYSTEM32\IPHLPAPI.DLL
0x00007ffc14bd0000 - 0x00007ffc14bd8000 	C:\WINDOWS\System32\NSI.dll
0x00007ffc0cd00000 - 0x00007ffc0cd16000 	C:\WINDOWS\SYSTEM32\dhcpcsvc6.DLL
0x00007ffc0cc90000 - 0x00007ffc0ccac000 	C:\WINDOWS\SYSTEM32\dhcpcsvc.DLL
0x00007ffc12470000 - 0x00007ffc1253b000 	C:\WINDOWS\SYSTEM32\DNSAPI.dll

VM Arguments:
jvm_args: -Xmx1536m -Dfile.encoding=windows-1252 -Duser.country=US -Duser.language=en -Duser.variant 
java_command: org.gradle.launcher.daemon.bootstrap.GradleDaemon 5.6.4
java_class_path (initial): C:\Users\Acer\.gradle\wrapper\dists\gradle-5.6.4-all\ankdp27end7byghfw1q2sw75f\gradle-5.6.4\lib\gradle-launcher-5.6.4.jar
Launcher Type: SUN_STANDARD

Environment Variables:
JAVA_HOME=C:\Program Files\Java\jdk1.8.0_191
CLASSPATH=.;
USERNAME=Acer
OS=Windows_NT
PROCESSOR_IDENTIFIER=Intel64 Family 6 Model 158 Stepping 9, GenuineIntel



---------------  S Y S T E M  ---------------

OS: Windows 10.0 , 64 bit Build 18362 (10.0.18362.959)

CPU:total 4 (initial active 4) (4 cores per cpu, 1 threads per core) family 6 model 158 stepping 9, cmov, cx8, fxsr, mmx, sse, sse2, sse3, ssse3, sse4.1, sse4.2, popcnt, avx, avx2, aes, clmul, erms, 3dnowpref, lzcnt, tsc, tscinvbit, bmi1, bmi2, adx

Memory: 4k page, physical 16658020k(5212972k free), swap 17182308k(3112k free)

vm_info: OpenJDK 64-Bit Server VM (25.212-b04) for windows-amd64 JRE (1.8.0_212-release-1586-b04), built by "builder" with MS VC++ 10.0 (VS2010)

time: Thu Jul 30 12:50:27 2020
timezone: SE Asia Standard Time
elapsed time: 3 seconds (0d 0h 0m 3s)

