#
# There is insufficient memory for the Java Runtime Environment to continue.
# Native memory allocation (malloc) failed to allocate 1010896 bytes for Chunk::new
# Possible reasons:
#   The system is out of physical RAM or swap space
#   The process is running with CompressedOops enabled, and the Java Heap may be blocking the growth of the native heap
# Possible solutions:
#   Reduce memory load on the system
#   Increase physical memory or swap space
#   Check if swap backing store is full
#   Decrease Java heap size (-Xmx/-Xms)
#   Decrease number of Java threads
#   Decrease Java thread stack sizes (-Xss)
#   Set larger code cache with -XX:ReservedCodeCacheSize=
#   JVM is running with Unscaled Compressed Oops mode in which the Java heap is
#     placed in the first 4GB address space. The Java Heap base address is the
#     maximum limit for the native heap growth. Please use -XX:HeapBaseMinAddress
#     to set the Java Heap base and to place the Java Heap above 4GB virtual address.
# This output file may be truncated or incomplete.
#
#  Out of Memory Error (allocation.cpp:389), pid=13404, tid=0x0000000000004da8
#
# JRE version: OpenJDK Runtime Environment (8.0_212-b04) (build 1.8.0_212-release-1586-b04)
# Java VM: OpenJDK 64-Bit Server VM (25.212-b04 mixed mode windows-amd64 compressed oops)
# Failed to write core dump. Minidumps are not enabled by default on client versions of Windows
#

---------------  T H R E A D  ---------------

Current thread (0x00000000163fd000):  JavaThread "C2 CompilerThread1" daemon [_thread_in_native, id=19880, stack(0x0000000017c60000,0x0000000017d60000)]

Stack: [0x0000000017c60000,0x0000000017d60000]
[error occurred during error reporting (printing stack bounds), id 0xc0000005]

Native frames: (J=compiled Java code, j=interpreted, Vv=VM code, C=native code)


Current CompileTask:
C2:8106779 24743       4       com.android.tools.r8.u.c.o::a (1157 bytes)


---------------  P R O C E S S  ---------------

Java Threads: ( => current thread )
  0x00000000245d3800 JavaThread "WorkerExecutor Queue Thread 5" [_thread_blocked, id=46596, stack(0x000000002c4e0000,0x000000002c5e0000)]
  0x00000000245d3000 JavaThread "Cache worker for Java compile cache (C:\Users\Acer\Desktop\AndroidNetworking\TikiHomeTest\.gradle\5.6.4\javaCompile)" [_thread_blocked, id=45624, stack(0x000000002bbe0000,0x000000002bce0000)]
  0x00000000245c6000 JavaThread "Cache worker for Java compile cache (C:\Users\Acer\.gradle\caches\5.6.4\javaCompile)" [_thread_blocked, id=47500, stack(0x0000000029c10000,0x0000000029d10000)]
  0x00000000245d2000 JavaThread "RMI TCP Connection(1)-127.0.0.1" daemon [_thread_in_native, id=31716, stack(0x000000002bfe0000,0x000000002c0e0000)]
  0x00000000245d5000 JavaThread "RMI Reaper" [_thread_blocked, id=47624, stack(0x000000002bee0000,0x000000002bfe0000)]
  0x00000000245d0800 JavaThread "RMI TCP Accept-0" daemon [_thread_in_native, id=18232, stack(0x000000002bde0000,0x000000002bee0000)]
  0x00000000245d1000 JavaThread "GC Daemon" daemon [_thread_blocked, id=40068, stack(0x000000002bce0000,0x000000002bde0000)]
  0x00000000245c9000 JavaThread "RMI Scheduler(0)" daemon [_thread_blocked, id=7076, stack(0x000000002a6c0000,0x000000002a7c0000)]
  0x00000000245cf000 JavaThread "stdout" [_thread_in_native, id=48060, stack(0x000000002a910000,0x000000002aa10000)]
  0x00000000245ce000 JavaThread "stderr" [_thread_in_native, id=34624, stack(0x000000002a810000,0x000000002a910000)]
  0x00000000245cd800 JavaThread "stdout" [_thread_in_native, id=36708, stack(0x000000002a5c0000,0x000000002a6c0000)]
  0x00000000245cc800 JavaThread "stderr" [_thread_in_native, id=45728, stack(0x000000002a4c0000,0x000000002a5c0000)]
  0x00000000245c8000 JavaThread "stdout" [_thread_in_native, id=11972, stack(0x000000002a3c0000,0x000000002a4c0000)]
  0x00000000245cc000 JavaThread "stderr" [_thread_in_native, id=45264, stack(0x000000002a2c0000,0x000000002a3c0000)]
  0x00000000245c7800 JavaThread "WorkerExecutor Queue Thread 2" [_thread_in_Java, id=45528, stack(0x0000000029d10000,0x0000000029e10000)]
  0x000000001a191000 JavaThread "stdout" [_thread_in_native, id=37024, stack(0x0000000029910000,0x0000000029a10000)]
  0x000000001a190800 JavaThread "stderr" [_thread_in_native, id=46124, stack(0x0000000029710000,0x0000000029810000)]
  0x000000001a18f800 JavaThread "pool-19-thread-1" [_thread_blocked, id=47772, stack(0x0000000029810000,0x0000000029910000)]
  0x0000000018ac5000 JavaThread "Cache worker for execution history cache (C:\Users\Acer\Desktop\AndroidNetworking\TikiHomeTest\.gradle\5.6.4\executionHistory)" [_thread_blocked, id=41776, stack(0x0000000029610000,0x0000000029710000)]
  0x0000000018ac7000 JavaThread "Execution worker for ':' Thread 3" [_thread_blocked, id=17384, stack(0x0000000029510000,0x0000000029610000)]
  0x0000000018abd800 JavaThread "Execution worker for ':' Thread 2" [_thread_in_Java, id=45780, stack(0x0000000029410000,0x0000000029510000)]
  0x0000000018ac3800 JavaThread "Execution worker for ':'" [_thread_in_Java, id=46188, stack(0x0000000029310000,0x0000000029410000)]
  0x0000000018abb000 JavaThread "Cache worker for file content cache (C:\Users\Acer\Desktop\AndroidNetworking\TikiHomeTest\.gradle\5.6.4\fileContent)" [_thread_blocked, id=7512, stack(0x0000000029010000,0x0000000029110000)]
  0x0000000018ac2000 JavaThread "Cache worker for file content cache (C:\Users\Acer\.gradle\caches\5.6.4\fileContent)" [_thread_blocked, id=47108, stack(0x0000000028cb0000,0x0000000028db0000)]
  0x0000000018aba800 JavaThread "Cache worker for Build Output Cleanup Cache (C:\Users\Acer\Desktop\AndroidNetworking\TikiHomeTest\.gradle\buildOutputCleanup)" [_thread_blocked, id=28856, stack(0x0000000026b40000,0x0000000026c40000)]
  0x0000000018ab9800 JavaThread "Build operations Thread 4" [_thread_blocked, id=47764, stack(0x0000000023ca0000,0x0000000023da0000)]
  0x0000000018ab9000 JavaThread "Build operations Thread 3" [_thread_blocked, id=26988, stack(0x0000000023ba0000,0x0000000023ca0000)]
  0x0000000018abe000 JavaThread "Build operations Thread 2" [_thread_blocked, id=47952, stack(0x0000000022000000,0x0000000022100000)]
  0x000000001d8d7000 JavaThread "Build operations" [_thread_blocked, id=47056, stack(0x0000000021f00000,0x0000000022000000)]
  0x000000001d8d6000 JavaThread "Cache worker for cache directory md-rule (C:\Users\Acer\.gradle\caches\5.6.4\md-rule)" [_thread_blocked, id=1884, stack(0x0000000022300000,0x0000000022400000)]
  0x000000001d8d5800 JavaThread "Cache worker for cache directory md-supplier (C:\Users\Acer\.gradle\caches\5.6.4\md-supplier)" [_thread_blocked, id=37312, stack(0x0000000020070000,0x0000000020170000)]
  0x000000001d8cd800 JavaThread "Cache worker for file hash cache (C:\Users\Acer\Desktop\AndroidNetworking\TikiHomeTest\.gradle\5.6.4\fileHashes)" [_thread_blocked, id=46156, stack(0x000000001bd80000,0x000000001be80000)]
  0x000000001d8d4800 JavaThread "Thread-126" [_thread_blocked, id=19460, stack(0x000000001ba80000,0x000000001bb80000)]
  0x000000001d8cd000 JavaThread "Stdin handler" [_thread_blocked, id=45016, stack(0x000000001b980000,0x000000001ba80000)]
  0x000000001d8d3000 JavaThread "Asynchronous log dispatcher for DefaultDaemonConnection: socket connection from /127.0.0.1:50232 to /127.0.0.1:53227" [_thread_blocked, id=46352, stack(0x000000001b680000,0x000000001b780000)]
  0x000000001d8d2800 JavaThread "Daemon worker Thread 9" [_thread_in_native, id=47452, stack(0x000000001b580000,0x000000001b680000)]
  0x000000001d8ca800 JavaThread "Cancel handler" [_thread_blocked, id=8104, stack(0x0000000017860000,0x0000000017960000)]
  0x000000001d8c9000 JavaThread "Handler for socket connection from /127.0.0.1:50232 to /127.0.0.1:53227" [_thread_in_native, id=36404, stack(0x0000000000e10000,0x0000000000f10000)]
  0x000000001d8cb800 JavaThread "Daemon Thread 9" [_thread_blocked, id=45440, stack(0x0000000000cf0000,0x0000000000df0000)]
  0x000000001d8d1800 JavaThread "Memory manager" [_thread_blocked, id=1424, stack(0x0000000023e70000,0x0000000023f70000)]
  0x000000001d8ce800 JavaThread "Cache worker for execution history cache (C:\Users\Acer\.gradle\caches\5.6.4\executionHistory)" [_thread_blocked, id=2124, stack(0x0000000020170000,0x0000000020270000)]
  0x000000001a18c800 JavaThread "Cache worker for journal cache (C:\Users\Acer\.gradle\caches\journal-1)" [_thread_blocked, id=10444, stack(0x000000001c280000,0x000000001c380000)]
  0x000000001a18f000 JavaThread "File lock request listener" [_thread_in_native, id=1216, stack(0x000000001c180000,0x000000001c280000)]
  0x000000001a192000 JavaThread "Cache worker for file hash cache (C:\Users\Acer\.gradle\caches\5.6.4\fileHashes)" [_thread_blocked, id=3336, stack(0x000000001c080000,0x000000001c180000)]
  0x0000000019fb4800 JavaThread "Daemon periodic checks" [_thread_blocked, id=6936, stack(0x000000001b480000,0x000000001b580000)]
  0x0000000019f3b800 JavaThread "Incoming local TCP Connector on port 50232" [_thread_in_native, id=2192, stack(0x000000001b240000,0x000000001b340000)]
  0x0000000019e51000 JavaThread "Daemon health stats" [_thread_blocked, id=6448, stack(0x000000001ac00000,0x000000001ad00000)]
  0x000000001645e800 JavaThread "Service Thread" daemon [_thread_blocked, id=19868, stack(0x0000000018260000,0x0000000018360000)]
  0x000000001640a000 JavaThread "C1 CompilerThread2" daemon [_thread_blocked, id=1300, stack(0x0000000017d60000,0x0000000017e60000)]
=>0x00000000163fd000 JavaThread "C2 CompilerThread1" daemon [_thread_in_native, id=19880, stack(0x0000000017c60000,0x0000000017d60000)]
  0x0000000016409800 JavaThread "C2 CompilerThread0" daemon [_thread_in_native, id=19636, stack(0x0000000017b60000,0x0000000017c60000)]
  0x0000000016407800 JavaThread "Attach Listener" daemon [_thread_blocked, id=19640, stack(0x0000000017a60000,0x0000000017b60000)]
  0x0000000016406000 JavaThread "Signal Dispatcher" daemon [_thread_blocked, id=1748, stack(0x0000000017960000,0x0000000017a60000)]
  0x00000000163e8800 JavaThread "Finalizer" daemon [_thread_blocked, id=13972, stack(0x0000000017660000,0x0000000017760000)]
  0x0000000002a82000 JavaThread "Reference Handler" daemon [_thread_blocked, id=4128, stack(0x0000000017560000,0x0000000017660000)]
  0x00000000027ee800 JavaThread "main" [_thread_blocked, id=20276, stack(0x0000000002890000,0x0000000002990000)]

Other Threads:
  0x00000000163c6000 VMThread [stack: 0x0000000017460000,0x0000000017560000] [id=19840]
  0x0000000017eaa000 WatcherThread [stack: 0x0000000018360000,0x0000000018460000] [id=17232]

VM state:not at safepoint (normal execution)

VM Mutex/Monitor currently owned by a thread: None

heap address: 0x00000000a0000000, size: 1536 MB, Compressed Oops mode: 32-bit
Narrow klass base: 0x0000000000000000, Narrow klass shift: 3
Compressed class space size: 1073741824 Address: 0x0000000100000000

Heap:
 PSYoungGen      total 367616K, used 162269K [0x00000000e0000000, 0x00000000fdd80000, 0x0000000100000000)
  eden space 299520K, 31% used [0x00000000e0000000,0x00000000e5c6d568,0x00000000f2480000)
  from space 68096K, 99% used [0x00000000f2480000,0x00000000f66fe608,0x00000000f6700000)
  to   space 78848K, 0% used [0x00000000f9080000,0x00000000f9080000,0x00000000fdd80000)
 ParOldGen       total 303104K, used 60391K [0x00000000a0000000, 0x00000000b2800000, 0x00000000e0000000)
  object space 303104K, 19% used [0x00000000a0000000,0x00000000a3af9e68,0x00000000b2800000)
 Metaspace       used 145729K, capacity 153360K, committed 153728K, reserved 1181696K
  class space    used 18904K, capacity 20374K, committed 20608K, reserved 1048576K

Card table byte_map: [0x0000000011e50000,0x0000000012160000] byte_map_base: 0x0000000011950000

Marking Bits: (ParMarkBitMap*) 0x000000005aee9f30
 Begin Bits: [0x0000000012760000, 0x0000000013f60000)
 End Bits:   [0x0000000013f60000, 0x0000000015760000)

Polling page: 0x0000000002740000

CodeCache: size=245760Kb used=73175Kb max_used=73212Kb free=172584Kb
 bounds [0x0000000002a90000, 0x0000000007270000, 0x0000000011a90000]
 total_blobs=21375 nmethods=20416 adapters=870
 compilation: enabled

Compilation events (10 events):
Event: 8106.767 Thread 0x000000001640a000 25197  s    2       com.android.tools.build.apkzlib.bytestorage.InMemoryByteStorage::updateUsage (31 bytes)
Event: 8106.767 Thread 0x000000001640a000 nmethod 25197 0x00000000072493d0 code [0x0000000007249520, 0x00000000072497f0]
Event: 8106.768 Thread 0x000000001640a000 25198       2       com.android.tools.build.apkzlib.zip.InflaterByteSource::openStream (46 bytes)
Event: 8106.768 Thread 0x000000001640a000 nmethod 25198 0x0000000007249890 code [0x0000000007249a40, 0x0000000007249f38]
Event: 8106.770 Thread 0x000000001640a000 25199       2       java.io.SequenceInputStream::close (12 bytes)
Event: 8106.770 Thread 0x000000001640a000 nmethod 25199 0x000000000724a1d0 code [0x000000000724a340, 0x000000000724a508]
Event: 8106.771 Thread 0x000000001640a000 25200       2       com.android.tools.build.apkzlib.bytestorage.LimitedInputStream::read (64 bytes)
Event: 8106.771 Thread 0x000000001640a000 nmethod 25200 0x000000000724a5d0 code [0x000000000724a740, 0x000000000724a928]
Event: 8106.774 Thread 0x000000001640a000 25201       2       sun.nio.cs.Surrogate$Parser::<init> (12 bytes)
Event: 8106.774 Thread 0x000000001640a000 nmethod 25201 0x0000000007253ed0 code [0x0000000007254020, 0x0000000007254190]

GC Heap History (10 events):
Event: 6429.821 GC heap before
{Heap before GC invocations=29 (full 4):
 PSYoungGen      total 293888K, used 291802K [0x00000000e0000000, 0x00000000f4e80000, 0x0000000100000000)
  eden space 257536K, 100% used [0x00000000e0000000,0x00000000efb80000,0x00000000efb80000)
  from space 36352K, 94% used [0x00000000f2380000,0x00000000f44f6a18,0x00000000f4700000)
  to   space 40960K, 0% used [0x00000000efb80000,0x00000000efb80000,0x00000000f2380000)
 ParOldGen       total 303104K, used 44109K [0x00000000a0000000, 0x00000000b2800000, 0x00000000e0000000)
  object space 303104K, 14% used [0x00000000a0000000,0x00000000a2b13480,0x00000000b2800000)
 Metaspace       used 106040K, capacity 111136K, committed 112000K, reserved 1146880K
  class space    used 13633K, capacity 14570K, committed 14720K, reserved 1048576K
Event: 6429.864 GC heap after
Heap after GC invocations=29 (full 4):
 PSYoungGen      total 298496K, used 40935K [0x00000000e0000000, 0x00000000f7c00000, 0x0000000100000000)
  eden space 257536K, 0% used [0x00000000e0000000,0x00000000e0000000,0x00000000efb80000)
  from space 40960K, 99% used [0x00000000efb80000,0x00000000f2379e20,0x00000000f2380000)
  to   space 50688K, 0% used [0x00000000f4a80000,0x00000000f4a80000,0x00000000f7c00000)
 ParOldGen       total 303104K, used 53224K [0x00000000a0000000, 0x00000000b2800000, 0x00000000e0000000)
  object space 303104K, 17% used [0x00000000a0000000,0x00000000a33fa138,0x00000000b2800000)
 Metaspace       used 106040K, capacity 111136K, committed 112000K, reserved 1146880K
  class space    used 13633K, capacity 14570K, committed 14720K, reserved 1048576K
}
Event: 8060.324 GC heap before
{Heap before GC invocations=30 (full 4):
 PSYoungGen      total 298496K, used 298471K [0x00000000e0000000, 0x00000000f7c00000, 0x0000000100000000)
  eden space 257536K, 100% used [0x00000000e0000000,0x00000000efb80000,0x00000000efb80000)
  from space 40960K, 99% used [0x00000000efb80000,0x00000000f2379e20,0x00000000f2380000)
  to   space 50688K, 0% used [0x00000000f4a80000,0x00000000f4a80000,0x00000000f7c00000)
 ParOldGen       total 303104K, used 53224K [0x00000000a0000000, 0x00000000b2800000, 0x00000000e0000000)
  object space 303104K, 17% used [0x00000000a0000000,0x00000000a33fa138,0x00000000b2800000)
 Metaspace       used 124040K, capacity 130210K, committed 130560K, reserved 1163264K
  class space    used 15984K, capacity 17185K, committed 17408K, reserved 1048576K
Event: 8060.396 GC heap after
Heap after GC invocations=30 (full 4):
 PSYoungGen      total 328192K, used 50665K [0x00000000e0000000, 0x00000000f8b00000, 0x0000000100000000)
  eden space 277504K, 0% used [0x00000000e0000000,0x00000000e0000000,0x00000000f0f00000)
  from space 50688K, 99% used [0x00000000f4a80000,0x00000000f7bfa708,0x00000000f7c00000)
  to   space 60928K, 0% used [0x00000000f0f00000,0x00000000f0f00000,0x00000000f4a80000)
 ParOldGen       total 303104K, used 59697K [0x00000000a0000000, 0x00000000b2800000, 0x00000000e0000000)
  object space 303104K, 19% used [0x00000000a0000000,0x00000000a3a4c560,0x00000000b2800000)
 Metaspace       used 124040K, capacity 130210K, committed 130560K, reserved 1163264K
  class space    used 15984K, capacity 17185K, committed 17408K, reserved 1048576K
}
Event: 8074.162 GC heap before
{Heap before GC invocations=31 (full 4):
 PSYoungGen      total 328192K, used 328169K [0x00000000e0000000, 0x00000000f8b00000, 0x0000000100000000)
  eden space 277504K, 100% used [0x00000000e0000000,0x00000000f0f00000,0x00000000f0f00000)
  from space 50688K, 99% used [0x00000000f4a80000,0x00000000f7bfa708,0x00000000f7c00000)
  to   space 60928K, 0% used [0x00000000f0f00000,0x00000000f0f00000,0x00000000f4a80000)
 ParOldGen       total 303104K, used 59697K [0x00000000a0000000, 0x00000000b2800000, 0x00000000e0000000)
  object space 303104K, 19% used [0x00000000a0000000,0x00000000a3a4c560,0x00000000b2800000)
 Metaspace       used 129587K, capacity 136046K, committed 136320K, reserved 1167360K
  class space    used 16658K, capacity 17919K, committed 18048K, reserved 1048576K
Event: 8074.199 GC heap after
Heap after GC invocations=31 (full 4):
 PSYoungGen      total 338432K, used 47748K [0x00000000e0000000, 0x00000000fa880000, 0x0000000100000000)
  eden space 277504K, 0% used [0x00000000e0000000,0x00000000e0000000,0x00000000f0f00000)
  from space 60928K, 78% used [0x00000000f0f00000,0x00000000f3da1210,0x00000000f4a80000)
  to   space 66048K, 0% used [0x00000000f6800000,0x00000000f6800000,0x00000000fa880000)
 ParOldGen       total 303104K, used 59705K [0x00000000a0000000, 0x00000000b2800000, 0x00000000e0000000)
  object space 303104K, 19% used [0x00000000a0000000,0x00000000a3a4e560,0x00000000b2800000)
 Metaspace       used 129587K, capacity 136046K, committed 136320K, reserved 1167360K
  class space    used 16658K, capacity 17919K, committed 18048K, reserved 1048576K
}
Event: 8097.980 GC heap before
{Heap before GC invocations=32 (full 4):
 PSYoungGen      total 338432K, used 325252K [0x00000000e0000000, 0x00000000fa880000, 0x0000000100000000)
  eden space 277504K, 100% used [0x00000000e0000000,0x00000000f0f00000,0x00000000f0f00000)
  from space 60928K, 78% used [0x00000000f0f00000,0x00000000f3da1210,0x00000000f4a80000)
  to   space 66048K, 0% used [0x00000000f6800000,0x00000000f6800000,0x00000000fa880000)
 ParOldGen       total 303104K, used 59705K [0x00000000a0000000, 0x00000000b2800000, 0x00000000e0000000)
  object space 303104K, 19% used [0x00000000a0000000,0x00000000a3a4e560,0x00000000b2800000)
 Metaspace       used 131446K, capacity 138048K, committed 138496K, reserved 1169408K
  class space    used 16940K, capacity 18224K, committed 18432K, reserved 1048576K
Event: 8098.014 GC heap after
Heap after GC invocations=32 (full 4):
 PSYoungGen      total 365568K, used 42740K [0x00000000e0000000, 0x00000000fa980000, 0x0000000100000000)
  eden space 299520K, 0% used [0x00000000e0000000,0x00000000e0000000,0x00000000f2480000)
  from space 66048K, 64% used [0x00000000f6800000,0x00000000f91bd270,0x00000000fa880000)
  to   space 68096K, 0% used [0x00000000f2480000,0x00000000f2480000,0x00000000f6700000)
 ParOldGen       total 303104K, used 59713K [0x00000000a0000000, 0x00000000b2800000, 0x00000000e0000000)
  object space 303104K, 19% used [0x00000000a0000000,0x00000000a3a50560,0x00000000b2800000)
 Metaspace       used 131446K, capacity 138048K, committed 138496K, reserved 1169408K
  class space    used 16940K, capacity 18224K, committed 18432K, reserved 1048576K
}
Event: 8106.189 GC heap before
{Heap before GC invocations=33 (full 4):
 PSYoungGen      total 365568K, used 342260K [0x00000000e0000000, 0x00000000fa980000, 0x0000000100000000)
  eden space 299520K, 100% used [0x00000000e0000000,0x00000000f2480000,0x00000000f2480000)
  from space 66048K, 64% used [0x00000000f6800000,0x00000000f91bd270,0x00000000fa880000)
  to   space 68096K, 0% used [0x00000000f2480000,0x00000000f2480000,0x00000000f6700000)
 ParOldGen       total 303104K, used 59713K [0x00000000a0000000, 0x00000000b2800000, 0x00000000e0000000)
  object space 303104K, 19% used [0x00000000a0000000,0x00000000a3a50560,0x00000000b2800000)
 Metaspace       used 145393K, capacity 153048K, committed 153472K, reserved 1181696K
  class space    used 18886K, capacity 20366K, committed 20608K, reserved 1048576K
Event: 8106.287 GC heap after
Heap after GC invocations=33 (full 4):
 PSYoungGen      total 367616K, used 68089K [0x00000000e0000000, 0x00000000fdd80000, 0x0000000100000000)
  eden space 299520K, 0% used [0x00000000e0000000,0x00000000e0000000,0x00000000f2480000)
  from space 68096K, 99% used [0x00000000f2480000,0x00000000f66fe608,0x00000000f6700000)
  to   space 78848K, 0% used [0x00000000f9080000,0x00000000f9080000,0x00000000fdd80000)
 ParOldGen       total 303104K, used 60391K [0x00000000a0000000, 0x00000000b2800000, 0x00000000e0000000)
  object space 303104K, 19% used [0x00000000a0000000,0x00000000a3af9e68,0x00000000b2800000)
 Metaspace       used 145393K, capacity 153048K, committed 153472K, reserved 1181696K
  class space    used 18886K, capacity 20366K, committed 20608K, reserved 1048576K
}

Deoptimization events (10 events):
Event: 8106.354 Thread 0x00000000245c7800 Uncommon trap: reason=unstable_if action=reinterpret pc=0x0000000006d954d4 method=com.android.tools.build.apkzlib.zip.ExtraField.size()I @ 4
Event: 8106.354 Thread 0x00000000245c7800 Uncommon trap: reason=class_check action=maybe_recompile pc=0x0000000006c5ba90 method=com.android.tools.build.apkzlib.zip.CentralDirectoryHeader.getCompressionInfoWithWait()Lcom/android/tools/build/apkzlib/zip/CentralDirectoryHeaderCompressInfo; @ 4
Event: 8106.359 Thread 0x00000000245c7800 Uncommon trap: reason=class_check action=maybe_recompile pc=0x0000000006c5ba90 method=com.android.tools.build.apkzlib.zip.CentralDirectoryHeader.getCompressionInfoWithWait()Lcom/android/tools/build/apkzlib/zip/CentralDirectoryHeaderCompressInfo; @ 4
Event: 8106.372 Thread 0x0000000018abd800 Uncommon trap: reason=class_check action=maybe_recompile pc=0x0000000006f9d2c0 method=com.android.tools.r8.u.a.h.e.b(Lcom/android/tools/r8/u/b/d0;)V @ 226
Event: 8106.372 Thread 0x0000000018abd800 Uncommon trap: reason=class_check action=maybe_recompile pc=0x0000000006f9d2c0 method=com.android.tools.r8.u.a.h.e.b(Lcom/android/tools/r8/u/b/d0;)V @ 226
Event: 8106.372 Thread 0x0000000018abd800 Uncommon trap: reason=class_check action=maybe_recompile pc=0x0000000006f9d2c0 method=com.android.tools.r8.u.a.h.e.b(Lcom/android/tools/r8/u/b/d0;)V @ 226
Event: 8106.374 Thread 0x00000000245c7800 Uncommon trap: reason=class_check action=maybe_recompile pc=0x0000000006c5ba90 method=com.android.tools.build.apkzlib.zip.CentralDirectoryHeader.getCompressionInfoWithWait()Lcom/android/tools/build/apkzlib/zip/CentralDirectoryHeaderCompressInfo; @ 4
Event: 8106.437 Thread 0x0000000018ac3800 Uncommon trap: reason=unstable_if action=reinterpret pc=0x00000000070166d4 method=com.android.tools.r8.ir.regalloc.a.r()Z @ 9
Event: 8106.701 Thread 0x0000000018abd800 Uncommon trap: reason=class_check action=maybe_recompile pc=0x0000000006f9c038 method=com.android.tools.r8.u.a.h.e.b(Lcom/android/tools/r8/u/b/d0;)V @ 142
Event: 8106.701 Thread 0x0000000018abd800 Uncommon trap: reason=class_check action=maybe_recompile pc=0x0000000006f9c038 method=com.android.tools.r8.u.a.h.e.b(Lcom/android/tools/r8/u/b/d0;)V @ 142

Classes redefined (0 events):
No events

Internal exceptions (10 events):
Event: 8104.409 Thread 0x00000000245c7800 Exception <a 'java/lang/NoSuchMethodError': java.lang.Object.newSystemTemporaryDirectory()Lcom/android/tools/build/apkzlib/bytestorage/TemporaryDirectory;> (0x00000000e95794a8) thrown at [D:\src\AOSP-openjdk-cygwin\jdk8u\hotspot\src\share\vm\interpreter\l
Event: 8104.428 Thread 0x000000001d8d2800 Exception <a 'sun/nio/fs/WindowsException'> (0x00000000e97ad698) thrown at [D:\src\AOSP-openjdk-cygwin\jdk8u\hotspot\src\share\vm\prims\jni.cpp, line 710]
Event: 8104.429 Thread 0x0000000018ac3800 Exception <a 'sun/nio/fs/WindowsException'> (0x00000000e999ed00) thrown at [D:\src\AOSP-openjdk-cygwin\jdk8u\hotspot\src\share\vm\prims\jni.cpp, line 710]
Event: 8104.472 Thread 0x0000000018abd800 Exception <a 'sun/nio/fs/WindowsException'> (0x00000000e9ed2190) thrown at [D:\src\AOSP-openjdk-cygwin\jdk8u\hotspot\src\share\vm\prims\jni.cpp, line 710]
Event: 8105.230 Thread 0x0000000018abd800 Exception <a 'java/lang/NoSuchMethodError': java.lang.Object.lambda$maxBy$1(Ljava/util/Comparator;Ljava/lang/Object;Ljava/lang/Object;)Ljava/lang/Object;> (0x00000000edd39850) thrown at [D:\src\AOSP-openjdk-cygwin\jdk8u\hotspot\src\share\vm\interpreter\li
Event: 8105.230 Thread 0x0000000018ac3800 Exception <a 'java/lang/NoSuchMethodError': java.lang.Object.lambda$maxBy$1(Ljava/util/Comparator;Ljava/lang/Object;Ljava/lang/Object;)Ljava/lang/Object;> (0x00000000ed929be8) thrown at [D:\src\AOSP-openjdk-cygwin\jdk8u\hotspot\src\share\vm\interpreter\li
Event: 8105.230 Thread 0x000000001d8d2800 Exception <a 'java/lang/NoSuchMethodError': java.lang.Object.lambda$maxBy$1(Ljava/util/Comparator;Ljava/lang/Object;Ljava/lang/Object;)Ljava/lang/Object;> (0x00000000edbf5f48) thrown at [D:\src\AOSP-openjdk-cygwin\jdk8u\hotspot\src\share\vm\interpreter\li
Event: 8106.070 Thread 0x000000001d8d2800 Exception <a 'sun/nio/fs/WindowsException'> (0x00000000f0dc8810) thrown at [D:\src\AOSP-openjdk-cygwin\jdk8u\hotspot\src\share\vm\prims\jni.cpp, line 710]
Event: 8106.354 Thread 0x00000000245c7800 Implicit null exception at 0x00000000030326aa to 0x00000000030326f9
Event: 8106.354 Thread 0x00000000245c7800 Implicit null exception at 0x0000000006d954b0 to 0x0000000006d954c0

Events (10 events):
Event: 8106.569 Thread 0x00000000245c7800 DEOPT PACKING pc=0x0000000006d0637c sp=0x0000000029e0d680
Event: 8106.569 Thread 0x00000000245c7800 DEOPT UNPACKING pc=0x0000000002ad75d0 sp=0x0000000029e0d538 mode 0
Event: 8106.581 Executing VM operation: ForceSafepoint
Event: 8106.590 Executing VM operation: ForceSafepoint done
Event: 8106.701 Thread 0x0000000018abd800 Uncommon trap: trap_request=0xffffffde fr.pc=0x0000000006f9c038
Event: 8106.701 Thread 0x0000000018abd800 DEOPT PACKING pc=0x0000000006f9c038 sp=0x000000002950b5f0
Event: 8106.701 Thread 0x0000000018abd800 DEOPT UNPACKING pc=0x0000000002ad557b sp=0x000000002950b5c8 mode 2
Event: 8106.701 Thread 0x0000000018abd800 Uncommon trap: trap_request=0xffffffde fr.pc=0x0000000006f9c038
Event: 8106.701 Thread 0x0000000018abd800 DEOPT PACKING pc=0x0000000006f9c038 sp=0x000000002950b6e0
Event: 8106.701 Thread 0x0000000018abd800 DEOPT UNPACKING pc=0x0000000002ad557b sp=0x000000002950b6b8 mode 2


Dynamic libraries:
0x00007ff7b18b0000 - 0x00007ff7b18e1000 	F:\Android\jre\bin\java.exe
0x00007ffe25a60000 - 0x00007ffe25c50000 	C:\WINDOWS\SYSTEM32\ntdll.dll
0x00007ffe25090000 - 0x00007ffe25142000 	C:\WINDOWS\System32\KERNEL32.DLL
0x00007ffe22bd0000 - 0x00007ffe22e74000 	C:\WINDOWS\System32\KERNELBASE.dll
0x00007ffe24c70000 - 0x00007ffe24d13000 	C:\WINDOWS\System32\ADVAPI32.dll
0x00007ffe23c70000 - 0x00007ffe23d0e000 	C:\WINDOWS\System32\msvcrt.dll
0x00007ffe24ab0000 - 0x00007ffe24b47000 	C:\WINDOWS\System32\sechost.dll
0x00007ffe24230000 - 0x00007ffe24350000 	C:\WINDOWS\System32\RPCRT4.dll
0x00007ffe23d10000 - 0x00007ffe23ea4000 	C:\WINDOWS\System32\USER32.dll
0x00007ffe22ba0000 - 0x00007ffe22bc1000 	C:\WINDOWS\System32\win32u.dll
0x00007ffe24200000 - 0x00007ffe24226000 	C:\WINDOWS\System32\GDI32.dll
0x00007ffe23970000 - 0x00007ffe23b06000 	C:\WINDOWS\System32\gdi32full.dll
0x00007ffe22f90000 - 0x00007ffe2302e000 	C:\WINDOWS\System32\msvcp_win.dll
0x00007ffe23030000 - 0x00007ffe2312a000 	C:\WINDOWS\System32\ucrtbase.dll
0x00007ffe14290000 - 0x00007ffe14514000 	C:\WINDOWS\WinSxS\amd64_microsoft.windows.common-controls_6595b64144ccf1df_6.0.18362.959_none_e6c7bbbf130c62bb\COMCTL32.dll
0x00007ffe23ec0000 - 0x00007ffe241f5000 	C:\WINDOWS\System32\combase.dll
0x00007ffe23160000 - 0x00007ffe231e0000 	C:\WINDOWS\System32\bcryptPrimitives.dll
0x00007ffe24d20000 - 0x00007ffe24d4e000 	C:\WINDOWS\System32\IMM32.DLL
0x000000005a550000 - 0x000000005a622000 	F:\Android\jre\jre\bin\msvcr100.dll
0x000000005a720000 - 0x000000005af66000 	F:\Android\jre\jre\bin\server\jvm.dll
0x00007ffe23eb0000 - 0x00007ffe23eb8000 	C:\WINDOWS\System32\PSAPI.DLL
0x00007ffde6570000 - 0x00007ffde6579000 	C:\WINDOWS\SYSTEM32\WSOCK32.dll
0x00007ffe24b50000 - 0x00007ffe24bbf000 	C:\WINDOWS\System32\WS2_32.dll
0x00007ffe20ab0000 - 0x00007ffe20ad4000 	C:\WINDOWS\SYSTEM32\WINMM.dll
0x00007ffe1c130000 - 0x00007ffe1c13a000 	C:\WINDOWS\SYSTEM32\VERSION.dll
0x00007ffe20950000 - 0x00007ffe2097d000 	C:\WINDOWS\SYSTEM32\WINMMBASE.dll
0x00007ffe22b50000 - 0x00007ffe22b9a000 	C:\WINDOWS\System32\cfgmgr32.dll
0x00007ffde6260000 - 0x00007ffde626f000 	F:\Android\jre\jre\bin\verify.dll
0x00007ffdb70e0000 - 0x00007ffdb7109000 	F:\Android\jre\jre\bin\java.dll
0x00007ffdb6fb0000 - 0x00007ffdb6fc6000 	F:\Android\jre\jre\bin\zip.dll
0x00007ffe24350000 - 0x00007ffe24a36000 	C:\WINDOWS\System32\SHELL32.dll
0x00007ffe24fd0000 - 0x00007ffe25079000 	C:\WINDOWS\System32\shcore.dll
0x00007ffe231e0000 - 0x00007ffe23962000 	C:\WINDOWS\System32\windows.storage.dll
0x00007ffe229b0000 - 0x00007ffe229d3000 	C:\WINDOWS\System32\profapi.dll
0x00007ffe22960000 - 0x00007ffe229aa000 	C:\WINDOWS\System32\powrprof.dll
0x00007ffe22910000 - 0x00007ffe22920000 	C:\WINDOWS\System32\UMPDC.dll
0x00007ffe255c0000 - 0x00007ffe25612000 	C:\WINDOWS\System32\shlwapi.dll
0x00007ffe22940000 - 0x00007ffe22951000 	C:\WINDOWS\System32\kernel.appcore.dll
0x00007ffe22b30000 - 0x00007ffe22b47000 	C:\WINDOWS\System32\cryptsp.dll
0x00007ffdb6f90000 - 0x00007ffdb6faa000 	F:\Android\jre\jre\bin\net.dll
0x00007ffe13ee0000 - 0x00007ffe140b6000 	C:\WINDOWS\SYSTEM32\urlmon.dll
0x00007ffe13620000 - 0x00007ffe138c6000 	C:\WINDOWS\SYSTEM32\iertutil.dll
0x00007ffe22350000 - 0x00007ffe2235c000 	C:\WINDOWS\SYSTEM32\CRYPTBASE.DLL
0x00007ffdde5e0000 - 0x00007ffdde600000 	C:\WINDOWS\system32\PrxerDrv.dll
0x00007ffe22180000 - 0x00007ffe221e7000 	C:\WINDOWS\system32\mswsock.dll
0x00007ffdbb760000 - 0x00007ffdbb773000 	F:\Android\jre\jre\bin\nio.dll
0x00007ffdfb860000 - 0x00007ffdfb886000 	C:\Users\Acer\.gradle\native\30\windows-amd64\native-platform.dll
0x00007ffddbe90000 - 0x00007ffddbe9d000 	F:\Android\jre\jre\bin\management.dll
0x00007ffe21cf0000 - 0x00007ffe21d23000 	C:\WINDOWS\system32\rsaenh.dll
0x00007ffe23130000 - 0x00007ffe23156000 	C:\WINDOWS\System32\bcrypt.dll
0x00007ffe22830000 - 0x00007ffe22855000 	C:\WINDOWS\SYSTEM32\USERENV.dll
0x00007ffe21e90000 - 0x00007ffe21eca000 	C:\WINDOWS\SYSTEM32\IPHLPAPI.DLL
0x00007ffe24aa0000 - 0x00007ffe24aa8000 	C:\WINDOWS\System32\NSI.dll
0x00007ffe1c5f0000 - 0x00007ffe1c606000 	C:\WINDOWS\SYSTEM32\dhcpcsvc6.DLL
0x00007ffe1c580000 - 0x00007ffe1c59c000 	C:\WINDOWS\SYSTEM32\dhcpcsvc.DLL
0x00007ffe21ed0000 - 0x00007ffe21f9b000 	C:\WINDOWS\SYSTEM32\DNSAPI.dll
0x00007ffe05d70000 - 0x00007ffe05d94000 	F:\Android\jre\jre\bin\sunec.dll
0x00007ffdde690000 - 0x00007ffdde6ab000 	C:\WINDOWS\system32\PrxerNsp.dll
0x00007ffe1b990000 - 0x00007ffe1b99a000 	C:\Windows\System32\rasadhlp.dll
0x00007ffe1bdd0000 - 0x00007ffe1be47000 	C:\WINDOWS\System32\fwpuclnt.dll
0x00007ffe1b970000 - 0x00007ffe1b97b000 	F:\Android\jre\jre\bin\sunmscapi.dll
0x00007ffe229e0000 - 0x00007ffe22b29000 	C:\WINDOWS\System32\CRYPT32.dll
0x00007ffe22920000 - 0x00007ffe22932000 	C:\WINDOWS\System32\MSASN1.dll
0x00007ffe21970000 - 0x00007ffe219a1000 	C:\WINDOWS\SYSTEM32\ntmarta.dll
0x00007ffe1f1e0000 - 0x00007ffe1f1fe000 	C:\Users\Acer\AppData\Local\Temp\native-platform4845990161752629492dir\native-platform.dll

VM Arguments:
jvm_args: -Xmx1536m -Dfile.encoding=windows-1252 -Duser.country=US -Duser.language=en -Duser.variant 
java_command: org.gradle.launcher.daemon.bootstrap.GradleDaemon 5.6.4
java_class_path (initial): C:\Users\Acer\.gradle\wrapper\dists\gradle-5.6.4-all\ankdp27end7byghfw1q2sw75f\gradle-5.6.4\lib\gradle-launcher-5.6.4.jar
Launcher Type: SUN_STANDARD

Environment Variables:
JAVA_HOME=C:\Program Files\Java\jdk1.8.0_191
CLASSPATH=.;
USERNAME=Acer
OS=Windows_NT
PROCESSOR_IDENTIFIER=Intel64 Family 6 Model 158 Stepping 9, GenuineIntel



---------------  S Y S T E M  ---------------

OS: Windows 10.0 , 64 bit Build 18362 (10.0.18362.959)

CPU:total 4 (initial active 4) (4 cores per cpu, 1 threads per core) family 6 model 158 stepping 9, cmov, cx8, fxsr, mmx, sse, sse2, sse3, ssse3, sse4.1, sse4.2, popcnt, avx, avx2, aes, clmul, erms, 3dnowpref, lzcnt, tsc, tscinvbit, bmi1, bmi2, adx

Memory: 4k page, physical 16658020k(5392248k free), swap 17182308k(6056k free)

vm_info: OpenJDK 64-Bit Server VM (25.212-b04) for windows-amd64 JRE (1.8.0_212-release-1586-b04), built by "builder" with MS VC++ 10.0 (VS2010)

time: Thu Jul 30 15:32:52 2020
timezone: SE Asia Standard Time
elapsed time: 8106 seconds (0d 2h 15m 6s)

